<?xml version="1.0" encoding="UTF-8"?>
<!-- Generated by org.testng.reporters.JUnitReportReporter -->
<testsuite hostname="LAPTOP-TMTB6ITF" failures="0" tests="1" name="com.qa.testlayer.LoginPageTest" time="6.117" errors="0" timestamp="2022-05-12T17:38:45 IST" skipped="0">
  <testcase classname="com.qa.testlayer.LoginPageTest" name="VerifyFunctionalityOfLoginPage" time="6.117"/>
  <system-out/>
</testsuite> <!-- com.qa.testlayer.LoginPageTest -->
